This is pdfTeX, Version 3.14159265-2.6-1.40.17 (TeX Live 2016) (preloaded format=pdflatex 2016.12.13)  16 JAN 2017 14:28
entering extended mode
 restricted \write18 enabled.
 file:line:error style messages enabled.
 %&-line parsing enabled.
**pixelation.tex
(./pixelation.tex
LaTeX2e <2016/03/31> patch level 3
Babel <3.9r> and hyphenation patterns for 83 language(s) loaded.
./pixelation.tex:7: Undefined control sequence.
l.7 \definecolor
                {mycolor1}{rgb}{0.00000,0.44700,0.74100}% 
Here is how much of TeX's memory you used:
 5 strings out of 493013
 139 string characters out of 6133342
 53632 words of memory out of 5000000
 3649 multiletter control sequences out of 15000+600000
 3640 words of font info for 14 fonts, out of 8000000 for 9000
 1141 hyphenation exceptions out of 8191
 5i,0n,1p,101b,8s stack positions out of 5000i,500n,10000p,200000b,80000s

./pixelation.tex:7:  ==> Fatal error occurred, no output PDF file produced!
